[2025-11-09 19:29:36] [INFO] Запуск скрипта парсинга Т-пульса
[2025-11-09 19:29:36] [INFO] Парсинг тикера SBER ...
[2025-11-09 19:29:36] [WARN] Ошибка при парсинге SBER: can't compare offset-naive and offset-aware datetimes, попытка 1/3
[2025-11-09 19:29:41] [WARN] Ошибка при парсинге SBER: can't compare offset-naive and offset-aware datetimes, попытка 2/3
[2025-11-09 19:29:46] [WARN] Ошибка при парсинге SBER: can't compare offset-naive and offset-aware datetimes, попытка 3/3
[2025-11-09 19:29:51] [ERROR] Не удалось получить данные по SBER после 3 попыток
[2025-11-09 19:29:51] [INFO] Найдено 0 постов за последние 2 недели для SBER
[2025-11-09 19:29:53] [INFO] Парсинг тикера GAZP ...
[2025-11-09 19:29:53] [WARN] Ошибка при парсинге GAZP: can't compare offset-naive and offset-aware datetimes, попытка 1/3
[2025-11-09 19:29:59] [WARN] Ошибка при парсинге GAZP: can't compare offset-naive and offset-aware datetimes, попытка 2/3
[2025-11-09 19:30:04] [WARN] Ошибка при парсинге GAZP: can't compare offset-naive and offset-aware datetimes, попытка 3/3
[2025-11-09 19:30:09] [ERROR] Не удалось получить данные по GAZP после 3 попыток
[2025-11-09 19:30:09] [INFO] Найдено 0 постов за последние 2 недели для GAZP
[2025-11-09 19:30:11] [INFO] Парсинг тикера T ...
[2025-11-09 19:30:11] [WARN] Ошибка при парсинге T: can't compare offset-naive and offset-aware datetimes, попытка 1/3
[2025-11-09 19:30:16] [WARN] Ошибка при парсинге T: can't compare offset-naive and offset-aware datetimes, попытка 2/3
[2025-11-09 19:30:22] [WARN] Ошибка при парсинге T: can't compare offset-naive and offset-aware datetimes, попытка 3/3
[2025-11-09 19:30:27] [ERROR] Не удалось получить данные по T после 3 попыток
[2025-11-09 19:30:27] [INFO] Найдено 0 постов за последние 2 недели для T
[2025-11-09 19:30:29] [INFO] Парсинг тикера X5 ...
[2025-11-09 19:30:29] [WARN] Ошибка при парсинге X5: can't compare offset-naive and offset-aware datetimes, попытка 1/3
[2025-11-09 19:30:35] [WARN] Ошибка при парсинге X5: can't compare offset-naive and offset-aware datetimes, попытка 2/3
[2025-11-09 19:30:40] [WARN] Ошибка при парсинге X5: can't compare offset-naive and offset-aware datetimes, попытка 3/3
[2025-11-09 19:30:45] [ERROR] Не удалось получить данные по X5 после 3 попыток
[2025-11-09 19:30:45] [INFO] Найдено 0 постов за последние 2 недели для X5
[2025-11-09 19:30:47] [INFO] Парсинг тикера PIKK ...
[2025-11-09 19:30:47] [WARN] Ошибка при парсинге PIKK: can't compare offset-naive and offset-aware datetimes, попытка 1/3
[2025-11-09 19:30:52] [WARN] Ошибка при парсинге PIKK: can't compare offset-naive and offset-aware datetimes, попытка 2/3
[2025-11-09 19:32:22] [INFO] Запуск скрипта парсинга Т-пульса
[2025-11-09 19:32:22] [INFO] Парсинг тикера SBER ...
[2025-11-09 19:32:58] [INFO] Найдено 1578 постов за последние 2 недели для SBER
[2025-11-09 19:33:00] [INFO] Парсинг тикера GAZP ...
[2025-11-09 19:33:42] [INFO] Найдено 1928 постов за последние 2 недели для GAZP
[2025-11-09 19:33:44] [INFO] Парсинг тикера T ...
[2025-11-09 19:34:04] [INFO] Найдено 895 постов за последние 2 недели для T
[2025-11-09 19:34:06] [INFO] Парсинг тикера X5 ...
[2025-11-09 19:34:19] [INFO] Найдено 527 постов за последние 2 недели для X5
[2025-11-09 19:34:21] [INFO] Парсинг тикера PIKK ...
[2025-11-09 19:34:33] [INFO] Найдено 556 постов за последние 2 недели для PIKK
[2025-11-09 19:34:35] [INFO] Парсинг тикера PLZL ...
[2025-11-09 19:34:48] [INFO] Найдено 590 постов за последние 2 недели для PLZL
[2025-11-09 19:34:50] [INFO] Парсинг тикера LKOH ...
[2025-11-09 19:36:05] [INFO] Найдено 3387 постов за последние 2 недели для LKOH
[2025-11-09 19:36:07] [INFO] Парсинг тикера GMKN ...
[2025-11-09 19:36:15] [INFO] Найдено 349 постов за последние 2 недели для GMKN
[2025-11-09 19:36:17] [INFO] Парсинг тикера VTBR ...
[2025-11-09 19:36:36] [WARN] Ошибка при парсинге VTBR: The read operation timed out, попытка 1/3
[2025-11-09 19:36:50] [INFO] Найдено 900 постов за последние 2 недели для VTBR
[2025-11-09 19:36:52] [INFO] Парсинг тикера NVTK ...
[2025-11-09 19:37:01] [INFO] Найдено 431 постов за последние 2 недели для NVTK
[2025-11-09 19:37:03] [INFO] Парсинг тикера YDEX ...
[2025-11-09 19:37:22] [INFO] Найдено 827 постов за последние 2 недели для YDEX
[2025-11-09 19:37:24] [INFO] Парсинг тикера TATN ...
[2025-11-09 19:37:36] [INFO] Найдено 526 постов за последние 2 недели для TATN
[2025-11-09 19:37:38] [INFO] Парсинг тикера SMLT ...
[2025-11-09 19:37:53] [INFO] Найдено 667 постов за последние 2 недели для SMLT
[2025-11-09 19:37:55] [INFO] Парсинг тикера SPBE ...
[2025-11-09 19:38:05] [INFO] Найдено 481 постов за последние 2 недели для SPBE
[2025-11-09 19:38:07] [INFO] Парсинг тикера ROSN ...
[2025-11-09 19:38:28] [INFO] Найдено 926 постов за последние 2 недели для ROSN
[2025-11-09 19:38:30] [INFO] Парсинг тикера AFLT ...
[2025-11-09 19:38:38] [INFO] Найдено 383 постов за последние 2 недели для AFLT
[2025-11-09 19:38:40] [INFO] Парсинг тикера IRAO ...
[2025-11-09 19:38:47] [INFO] Найдено 297 постов за последние 2 недели для IRAO
[2025-11-09 19:38:49] [INFO] Парсинг тикера VKCO ...
[2025-11-09 19:38:55] [INFO] Найдено 252 постов за последние 2 недели для VKCO
[2025-11-09 19:38:57] [INFO] Парсинг тикера CHMF ...
[2025-11-09 19:39:03] [INFO] Найдено 293 постов за последние 2 недели для CHMF
[2025-11-09 19:39:05] [INFO] Парсинг тикера NLMK ...
[2025-11-09 19:39:09] [INFO] Найдено 189 постов за последние 2 недели для NLMK
[2025-11-09 19:39:11] [INFO] Парсинг тикера MAGN ...
[2025-11-09 19:39:15] [INFO] Найдено 185 постов за последние 2 недели для MAGN
[2025-11-09 19:39:17] [INFO] Парсинг тикера MGNT ...
[2025-11-09 19:39:22] [INFO] Найдено 236 постов за последние 2 недели для MGNT
[2025-11-09 19:39:24] [INFO] Парсинг тикера MTLR ...
[2025-11-09 19:39:32] [INFO] Найдено 339 постов за последние 2 недели для MTLR
[2025-11-09 19:39:34] [INFO] Парсинг тикера AFKS ...
[2025-11-09 19:39:38] [INFO] Найдено 214 постов за последние 2 недели для AFKS
[2025-11-09 19:39:40] [INFO] Парсинг тикера MOEX ...
[2025-11-09 19:39:53] [INFO] Найдено 536 постов за последние 2 недели для MOEX
[2025-11-09 19:39:55] [INFO] Парсинг тикера POSI ...
[2025-11-09 19:40:00] [INFO] Найдено 205 постов за последние 2 недели для POSI
[2025-11-09 19:40:02] [INFO] Парсинг тикера ALRS ...
[2025-11-09 19:40:07] [INFO] Найдено 209 постов за последние 2 недели для ALRS
[2025-11-09 19:40:09] [INFO] Парсинг тикера BELU ...
[2025-11-09 19:40:13] [INFO] Найдено 212 постов за последние 2 недели для BELU
[2025-11-09 19:40:15] [INFO] Парсинг тикера MTSS ...
[2025-11-09 19:40:21] [INFO] Найдено 242 постов за последние 2 недели для MTSS
[2025-11-09 19:40:23] [INFO] Парсинг тикера SVCB ...
[2025-11-09 19:40:29] [INFO] Найдено 256 постов за последние 2 недели для SVCB
[2025-11-09 19:40:31] [INFO] Парсинг тикера SNGS ...
[2025-11-09 19:40:33] [INFO] Найдено 137 постов за последние 2 недели для SNGS
[2025-11-09 19:40:35] [INFO] Парсинг тикера HEAD ...
[2025-11-09 19:40:39] [INFO] Найдено 197 постов за последние 2 недели для HEAD
[2025-11-09 19:40:41] [INFO] Парсинг тикера CNRU ...
[2025-11-09 19:40:51] [INFO] Найдено 414 постов за последние 2 недели для CNRU
[2025-11-09 19:40:53] [INFO] Парсинг тикера PHOR ...
[2025-11-09 19:40:57] [INFO] Найдено 195 постов за последние 2 недели для PHOR
[2025-11-09 19:40:59] [INFO] Парсинг тикера RTKM ...
[2025-11-09 19:41:04] [INFO] Найдено 191 постов за последние 2 недели для RTKM
[2025-11-09 19:41:06] [INFO] Парсинг тикера SIBN ...
[2025-11-09 19:41:11] [INFO] Найдено 232 постов за последние 2 недели для SIBN
[2025-11-09 19:41:13] [INFO] Парсинг тикера UGLD ...
[2025-11-09 19:41:25] [INFO] Найдено 592 постов за последние 2 недели для UGLD
[2025-11-09 19:41:27] [INFO] Парсинг тикера RUAL ...
[2025-11-09 19:41:33] [INFO] Найдено 269 постов за последние 2 недели для RUAL
[2025-11-09 19:41:35] [INFO] Парсинг тикера HYDR ...
[2025-11-09 19:41:38] [INFO] Найдено 103 постов за последние 2 недели для HYDR
[2025-11-09 19:41:40] [INFO] Парсинг тикера BSPB ...
[2025-11-09 19:41:42] [INFO] Найдено 107 постов за последние 2 недели для BSPB
[2025-11-09 19:41:44] [INFO] Парсинг тикера FEES ...
[2025-11-09 19:41:46] [INFO] Найдено 90 постов за последние 2 недели для FEES
[2025-11-09 19:41:48] [INFO] Парсинг тикера EUTR ...
[2025-11-09 19:41:56] [INFO] Найдено 413 постов за последние 2 недели для EUTR
[2025-11-09 19:41:58] [INFO] Парсинг тикера RNFT ...
[2025-11-09 19:42:01] [INFO] Найдено 143 постов за последние 2 недели для RNFT
[2025-11-09 19:42:03] [INFO] Парсинг тикера MRKC ...
[2025-11-09 19:42:05] [INFO] Найдено 60 постов за последние 2 недели для MRKC
[2025-11-09 19:42:07] [INFO] Парсинг тикера MDMG ...
[2025-11-09 19:42:12] [INFO] Найдено 231 постов за последние 2 недели для MDMG
[2025-11-09 19:42:14] [INFO] Парсинг тикера FLOT ...
[2025-11-09 19:42:16] [INFO] Найдено 87 постов за последние 2 недели для FLOT
[2025-11-09 19:42:18] [INFO] Парсинг тикера UPRO ...
[2025-11-09 19:42:20] [INFO] Найдено 88 постов за последние 2 недели для UPRO
[2025-11-09 19:42:22] [INFO] Парсинг тикера ASTR ...
[2025-11-09 19:42:27] [INFO] Найдено 266 постов за последние 2 недели для ASTR
[2025-11-09 19:42:29] [INFO] Парсинг тикера IVAT ...
[2025-11-09 19:42:36] [INFO] Найдено 340 постов за последние 2 недели для IVAT
[2025-11-09 19:42:39] [INFO] Парсинг тикера LENT ...
[2025-11-09 19:42:42] [INFO] Найдено 143 постов за последние 2 недели для LENT
[2025-11-09 19:42:44] [INFO] Парсинг тикера WUSH ...
[2025-11-09 19:43:13] [INFO] Найдено 1341 постов за последние 2 недели для WUSH
[2025-11-09 19:43:15] [INFO] Парсинг тикера UWGN ...
[2025-11-09 19:43:19] [INFO] Найдено 190 постов за последние 2 недели для UWGN
[2025-11-09 19:43:21] [INFO] Парсинг тикера ENPG ...
[2025-11-09 19:43:23] [INFO] Найдено 59 постов за последние 2 недели для ENPG
[2025-11-09 19:43:25] [INFO] Парсинг тикера TRMK ...
[2025-11-09 19:43:26] [INFO] Найдено 65 постов за последние 2 недели для TRMK
[2025-11-09 19:43:28] [INFO] Парсинг тикера MVID ...
[2025-11-09 19:43:30] [INFO] Найдено 117 постов за последние 2 недели для MVID
[2025-11-09 19:43:32] [INFO] Парсинг тикера RASP ...
[2025-11-09 19:43:34] [INFO] Найдено 60 постов за последние 2 недели для RASP
[2025-11-09 19:43:36] [INFO] Парсинг тикера RAGR ...
[2025-11-09 19:43:39] [INFO] Найдено 163 постов за последние 2 недели для RAGR
[2025-11-09 19:43:41] [INFO] Парсинг тикера MRKP ...
[2025-11-09 19:43:42] [INFO] Найдено 34 постов за последние 2 недели для MRKP
[2025-11-09 19:43:44] [INFO] Парсинг тикера SVAV ...
[2025-11-09 19:43:46] [INFO] Найдено 75 постов за последние 2 недели для SVAV
[2025-11-09 19:43:48] [INFO] Парсинг тикера AQUA ...
[2025-11-09 19:43:50] [INFO] Найдено 107 постов за последние 2 недели для AQUA
[2025-11-09 19:43:52] [INFO] Парсинг тикера RENI ...
[2025-11-09 19:43:55] [INFO] Найдено 154 постов за последние 2 недели для RENI
[2025-11-09 19:43:57] [INFO] Парсинг тикера SOFL ...
[2025-11-09 19:44:03] [INFO] Найдено 274 постов за последние 2 недели для SOFL
[2025-11-09 19:44:05] [INFO] Парсинг тикера SGZH ...
[2025-11-09 19:44:08] [INFO] Найдено 98 постов за последние 2 недели для SGZH
[2025-11-09 19:44:10] [INFO] Парсинг тикера SFIN ...
[2025-11-09 19:44:18] [INFO] Найдено 360 постов за последние 2 недели для SFIN
[2025-11-09 19:44:20] [INFO] Парсинг тикера OZPH ...
[2025-11-09 19:44:21] [INFO] Найдено 73 постов за последние 2 недели для OZPH
[2025-11-09 19:44:23] [INFO] Парсинг тикера NMTP ...
[2025-11-09 19:44:25] [INFO] Найдено 55 постов за последние 2 недели для NMTP
[2025-11-09 19:44:27] [INFO] Парсинг тикера FIXR ...
[2025-11-09 19:44:30] [INFO] Найдено 131 постов за последние 2 недели для FIXR
[2025-11-09 19:44:32] [INFO] Парсинг тикера OGKB ...
[2025-11-09 19:44:38] [INFO] Найдено 271 постов за последние 2 недели для OGKB
[2025-11-09 19:44:40] [INFO] Парсинг тикера SELG ...
[2025-11-09 19:44:41] [INFO] Найдено 78 постов за последние 2 недели для SELG
[2025-11-09 19:44:43] [INFO] Парсинг тикера LEAS ...
[2025-11-09 19:44:49] [INFO] Найдено 279 постов за последние 2 недели для LEAS
[2025-11-09 19:44:51] [INFO] Парсинг тикера CBOM ...
[2025-11-09 19:44:53] [INFO] Найдено 59 постов за последние 2 недели для CBOM
[2025-11-09 19:44:55] [INFO] Парсинг тикера VSMO ...
[2025-11-09 19:44:55] [INFO] Найдено 12 постов за последние 2 недели для VSMO
[2025-11-09 19:44:57] [INFO] Парсинг тикера IRKT ...
[2025-11-09 19:44:59] [INFO] Найдено 102 постов за последние 2 недели для IRKT
[2025-11-09 19:45:01] [INFO] Парсинг тикера VSEH ...
[2025-11-09 19:45:02] [INFO] Найдено 43 постов за последние 2 недели для VSEH
[2025-11-09 19:45:04] [INFO] Парсинг тикера AKRN ...
[2025-11-09 19:45:07] [INFO] Найдено 138 постов за последние 2 недели для AKRN
[2025-11-09 19:45:09] [INFO] Парсинг тикера LSRG ...
[2025-11-09 19:45:10] [INFO] Найдено 71 постов за последние 2 недели для LSRG
[2025-11-09 19:45:12] [INFO] Парсинг тикера RTKMP ...
[2025-11-09 19:45:14] [INFO] Найдено 67 постов за последние 2 недели для RTKMP
[2025-11-09 19:45:16] [INFO] Парсинг тикера SBERP ...
[2025-11-09 19:45:23] [INFO] Найдено 319 постов за последние 2 недели для SBERP
[2025-11-09 19:45:25] [INFO] Парсинг тикера SNGSP ...
[2025-11-09 19:45:29] [INFO] Найдено 184 постов за последние 2 недели для SNGSP
[2025-11-09 19:45:31] [INFO] Парсинг тикера TATNP ...
[2025-11-09 19:45:37] [INFO] Найдено 296 постов за последние 2 недели для TATNP
[2025-11-09 19:45:39] [INFO] Парсинг тикера TTLK ...
[2025-11-09 19:45:39] [INFO] Найдено 5 постов за последние 2 недели для TTLK
[2025-11-09 20:07:08] [INFO] Запуск скрипта парсинга Т-пульса
[2025-11-09 20:07:08] [INFO] Парсинг тикера SBER ...
[2025-11-09 20:07:45] [INFO] Найдено 1580 постов за последние 2 недели для SBER
[2025-11-09 20:07:47] [INFO] Парсинг тикера GAZP ...
[2025-11-09 20:08:31] [INFO] Найдено 1928 постов за последние 2 недели для GAZP
[2025-11-09 20:08:33] [INFO] Парсинг тикера T ...
[2025-11-09 20:08:56] [INFO] Найдено 894 постов за последние 2 недели для T
[2025-11-09 20:08:58] [INFO] Парсинг тикера X5 ...
[2025-11-09 20:09:10] [INFO] Найдено 526 постов за последние 2 недели для X5
[2025-11-09 20:09:12] [INFO] Парсинг тикера PIKK ...
[2025-11-09 20:09:25] [INFO] Найдено 556 постов за последние 2 недели для PIKK
[2025-11-09 20:09:27] [INFO] Парсинг тикера PLZL ...
[2025-11-09 20:09:42] [INFO] Найдено 591 постов за последние 2 недели для PLZL
[2025-11-09 20:09:44] [INFO] Парсинг тикера LKOH ...
[2025-11-09 20:11:00] [INFO] Найдено 3388 постов за последние 2 недели для LKOH
[2025-11-09 20:11:02] [INFO] Парсинг тикера GMKN ...
[2025-11-09 20:11:11] [INFO] Найдено 349 постов за последние 2 недели для GMKN
[2025-11-09 20:11:13] [INFO] Парсинг тикера VTBR ...
[2025-11-09 20:11:33] [INFO] Найдено 899 постов за последние 2 недели для VTBR
[2025-11-09 20:11:35] [INFO] Парсинг тикера NVTK ...
[2025-11-09 20:11:44] [INFO] Найдено 430 постов за последние 2 недели для NVTK
[2025-11-09 20:11:46] [INFO] Парсинг тикера YDEX ...
[2025-11-09 20:12:06] [INFO] Найдено 826 постов за последние 2 недели для YDEX
[2025-11-09 20:12:08] [INFO] Парсинг тикера TATN ...
[2025-11-09 20:12:20] [INFO] Найдено 526 постов за последние 2 недели для TATN
[2025-11-09 20:12:22] [INFO] Парсинг тикера SMLT ...
[2025-11-09 20:12:37] [INFO] Найдено 667 постов за последние 2 недели для SMLT
[2025-11-09 20:12:39] [INFO] Парсинг тикера SPBE ...
[2025-11-09 20:12:50] [INFO] Найдено 480 постов за последние 2 недели для SPBE
[2025-11-09 20:12:52] [INFO] Парсинг тикера ROSN ...
[2025-11-09 20:13:14] [INFO] Найдено 925 постов за последние 2 недели для ROSN
[2025-11-09 20:13:16] [INFO] Парсинг тикера AFLT ...
[2025-11-09 20:13:24] [INFO] Найдено 384 постов за последние 2 недели для AFLT
[2025-11-09 20:13:26] [INFO] Парсинг тикера IRAO ...
[2025-11-09 20:13:34] [INFO] Найдено 297 постов за последние 2 недели для IRAO
[2025-11-09 20:13:36] [INFO] Парсинг тикера VKCO ...
[2025-11-09 20:13:41] [INFO] Найдено 253 постов за последние 2 недели для VKCO
[2025-11-09 20:13:43] [INFO] Парсинг тикера CHMF ...
[2025-11-09 20:13:50] [INFO] Найдено 292 постов за последние 2 недели для CHMF
[2025-11-09 20:13:52] [INFO] Парсинг тикера NLMK ...
[2025-11-09 20:13:56] [INFO] Найдено 189 постов за последние 2 недели для NLMK
[2025-11-09 20:13:58] [INFO] Парсинг тикера MAGN ...
[2025-11-09 20:14:03] [INFO] Найдено 184 постов за последние 2 недели для MAGN
[2025-11-09 20:14:05] [INFO] Парсинг тикера MGNT ...
[2025-11-09 20:14:10] [INFO] Найдено 236 постов за последние 2 недели для MGNT
[2025-11-09 20:14:12] [INFO] Парсинг тикера MTLR ...
[2025-11-09 20:14:20] [INFO] Найдено 339 постов за последние 2 недели для MTLR
[2025-11-09 20:14:22] [INFO] Парсинг тикера AFKS ...
[2025-11-09 20:14:26] [INFO] Найдено 214 постов за последние 2 недели для AFKS
[2025-11-09 20:14:28] [INFO] Парсинг тикера MOEX ...
[2025-11-09 20:14:41] [INFO] Найдено 535 постов за последние 2 недели для MOEX
[2025-11-09 20:14:43] [INFO] Парсинг тикера POSI ...
[2025-11-09 20:14:48] [INFO] Найдено 205 постов за последние 2 недели для POSI
[2025-11-09 20:14:50] [INFO] Парсинг тикера ALRS ...
[2025-11-09 20:14:55] [INFO] Найдено 209 постов за последние 2 недели для ALRS
[2025-11-09 20:14:57] [INFO] Парсинг тикера BELU ...
[2025-11-09 20:15:02] [INFO] Найдено 211 постов за последние 2 недели для BELU
[2025-11-09 20:15:04] [INFO] Парсинг тикера MTSS ...
[2025-11-09 20:15:09] [INFO] Найдено 242 постов за последние 2 недели для MTSS
[2025-11-09 20:15:11] [INFO] Парсинг тикера SVCB ...
[2025-11-09 20:15:17] [INFO] Найдено 256 постов за последние 2 недели для SVCB
[2025-11-09 20:15:19] [INFO] Парсинг тикера SNGS ...
[2025-11-09 20:15:22] [INFO] Найдено 137 постов за последние 2 недели для SNGS
[2025-11-09 20:15:24] [INFO] Парсинг тикера HEAD ...
[2025-11-09 20:15:28] [INFO] Найдено 197 постов за последние 2 недели для HEAD
[2025-11-09 20:15:30] [INFO] Парсинг тикера CNRU ...
[2025-11-09 20:15:40] [INFO] Найдено 417 постов за последние 2 недели для CNRU
[2025-11-09 20:15:42] [INFO] Парсинг тикера PHOR ...
[2025-11-09 20:15:46] [INFO] Найдено 195 постов за последние 2 недели для PHOR
[2025-11-09 20:15:48] [INFO] Парсинг тикера RTKM ...
[2025-11-09 20:15:53] [INFO] Найдено 191 постов за последние 2 недели для RTKM
[2025-11-09 20:15:55] [INFO] Парсинг тикера SIBN ...
[2025-11-09 20:16:00] [INFO] Найдено 231 постов за последние 2 недели для SIBN
[2025-11-09 20:16:02] [INFO] Парсинг тикера UGLD ...
[2025-11-09 20:16:14] [INFO] Найдено 592 постов за последние 2 недели для UGLD
[2025-11-09 20:16:16] [INFO] Парсинг тикера RUAL ...
[2025-11-09 20:16:23] [INFO] Найдено 269 постов за последние 2 недели для RUAL
[2025-11-09 20:16:25] [INFO] Парсинг тикера HYDR ...
[2025-11-09 20:16:27] [INFO] Найдено 103 постов за последние 2 недели для HYDR
[2025-11-09 20:16:29] [INFO] Парсинг тикера BSPB ...
[2025-11-09 20:16:31] [INFO] Найдено 107 постов за последние 2 недели для BSPB
[2025-11-09 20:16:33] [INFO] Парсинг тикера FEES ...
[2025-11-09 20:16:35] [INFO] Найдено 90 постов за последние 2 недели для FEES
[2025-11-09 20:16:37] [INFO] Парсинг тикера EUTR ...
[2025-11-09 20:16:46] [INFO] Найдено 412 постов за последние 2 недели для EUTR
[2025-11-09 20:16:48] [INFO] Парсинг тикера RNFT ...
[2025-11-09 20:16:51] [INFO] Найдено 143 постов за последние 2 недели для RNFT
[2025-11-09 20:16:53] [INFO] Парсинг тикера MRKC ...
[2025-11-09 20:16:55] [INFO] Найдено 60 постов за последние 2 недели для MRKC
[2025-11-09 20:16:57] [INFO] Парсинг тикера MDMG ...
[2025-11-09 20:17:02] [INFO] Найдено 231 постов за последние 2 недели для MDMG
[2025-11-09 20:17:04] [INFO] Парсинг тикера FLOT ...
[2025-11-09 20:17:06] [INFO] Найдено 87 постов за последние 2 недели для FLOT
[2025-11-09 20:17:08] [INFO] Парсинг тикера UPRO ...
[2025-11-09 20:17:10] [INFO] Найдено 88 постов за последние 2 недели для UPRO
[2025-11-09 20:17:12] [INFO] Парсинг тикера ASTR ...
[2025-11-09 20:17:19] [INFO] Найдено 268 постов за последние 2 недели для ASTR
[2025-11-09 20:17:21] [INFO] Парсинг тикера IVAT ...
[2025-11-09 20:17:28] [INFO] Найдено 340 постов за последние 2 недели для IVAT
[2025-11-09 20:17:30] [INFO] Парсинг тикера LENT ...
[2025-11-09 20:17:34] [INFO] Найдено 144 постов за последние 2 недели для LENT
[2025-11-09 20:17:36] [INFO] Парсинг тикера WUSH ...
[2025-11-09 20:18:06] [INFO] Найдено 1342 постов за последние 2 недели для WUSH
[2025-11-09 20:18:08] [INFO] Парсинг тикера UWGN ...
[2025-11-09 20:18:12] [INFO] Найдено 190 постов за последние 2 недели для UWGN
[2025-11-09 20:18:14] [INFO] Парсинг тикера ENPG ...
[2025-11-09 20:18:16] [INFO] Найдено 59 постов за последние 2 недели для ENPG
[2025-11-09 20:18:18] [INFO] Парсинг тикера TRMK ...
[2025-11-09 20:18:19] [INFO] Найдено 65 постов за последние 2 недели для TRMK
[2025-11-09 20:18:21] [INFO] Парсинг тикера MVID ...
[2025-11-09 20:18:23] [INFO] Найдено 117 постов за последние 2 недели для MVID
[2025-11-09 20:18:25] [INFO] Парсинг тикера RASP ...
[2025-11-09 20:18:27] [INFO] Найдено 60 постов за последние 2 недели для RASP
[2025-11-09 20:18:29] [INFO] Парсинг тикера RAGR ...
[2025-11-09 20:18:32] [INFO] Найдено 163 постов за последние 2 недели для RAGR
[2025-11-09 20:18:34] [INFO] Парсинг тикера MRKP ...
[2025-11-09 20:18:35] [INFO] Найдено 34 постов за последние 2 недели для MRKP
[2025-11-09 20:18:37] [INFO] Парсинг тикера SVAV ...
[2025-11-09 20:18:39] [INFO] Найдено 75 постов за последние 2 недели для SVAV
[2025-11-09 20:18:41] [INFO] Парсинг тикера AQUA ...
[2025-11-09 20:18:43] [INFO] Найдено 107 постов за последние 2 недели для AQUA
[2025-11-09 20:18:45] [INFO] Парсинг тикера RENI ...
[2025-11-09 20:18:48] [INFO] Найдено 154 постов за последние 2 недели для RENI
[2025-11-09 20:18:50] [INFO] Парсинг тикера SOFL ...
[2025-11-09 20:18:57] [INFO] Найдено 275 постов за последние 2 недели для SOFL
[2025-11-09 20:18:59] [INFO] Парсинг тикера SGZH ...
[2025-11-09 20:19:01] [INFO] Найдено 98 постов за последние 2 недели для SGZH
[2025-11-09 20:19:03] [INFO] Парсинг тикера SFIN ...
[2025-11-09 20:19:11] [INFO] Найдено 362 постов за последние 2 недели для SFIN
[2025-11-09 20:19:13] [INFO] Парсинг тикера OZPH ...
[2025-11-09 20:19:15] [INFO] Найдено 73 постов за последние 2 недели для OZPH
[2025-11-09 20:19:17] [INFO] Парсинг тикера NMTP ...
[2025-11-09 20:19:18] [INFO] Найдено 55 постов за последние 2 недели для NMTP
[2025-11-09 20:19:21] [INFO] Парсинг тикера FIXR ...
[2025-11-09 20:19:23] [INFO] Найдено 131 постов за последние 2 недели для FIXR
[2025-11-09 20:19:25] [INFO] Парсинг тикера OGKB ...
[2025-11-09 20:19:32] [INFO] Найдено 271 постов за последние 2 недели для OGKB
[2025-11-09 20:19:34] [INFO] Парсинг тикера SELG ...
[2025-11-09 20:19:35] [INFO] Найдено 78 постов за последние 2 недели для SELG
[2025-11-09 20:19:37] [INFO] Парсинг тикера LEAS ...
[2025-11-09 20:19:43] [INFO] Найдено 279 постов за последние 2 недели для LEAS
[2025-11-09 20:19:45] [INFO] Парсинг тикера CBOM ...
[2025-11-09 20:19:47] [INFO] Найдено 59 постов за последние 2 недели для CBOM
[2025-11-09 20:19:49] [INFO] Парсинг тикера VSMO ...
[2025-11-09 20:19:49] [INFO] Найдено 12 постов за последние 2 недели для VSMO
[2025-11-09 20:19:51] [INFO] Парсинг тикера IRKT ...
[2025-11-09 20:19:53] [INFO] Найдено 103 постов за последние 2 недели для IRKT
[2025-11-09 20:19:55] [INFO] Парсинг тикера VSEH ...
[2025-11-09 20:19:56] [INFO] Найдено 43 постов за последние 2 недели для VSEH
[2025-11-09 20:19:58] [INFO] Парсинг тикера AKRN ...
[2025-11-09 20:20:01] [INFO] Найдено 139 постов за последние 2 недели для AKRN
[2025-11-09 20:20:03] [INFO] Парсинг тикера LSRG ...
[2025-11-09 20:20:05] [INFO] Найдено 71 постов за последние 2 недели для LSRG
[2025-11-09 20:20:07] [INFO] Парсинг тикера RTKMP ...
[2025-11-09 20:20:08] [INFO] Найдено 67 постов за последние 2 недели для RTKMP
[2025-11-09 20:20:10] [INFO] Парсинг тикера SBERP ...
[2025-11-09 20:20:18] [INFO] Найдено 319 постов за последние 2 недели для SBERP
[2025-11-09 20:20:20] [INFO] Парсинг тикера SNGSP ...
[2025-11-09 20:20:24] [INFO] Найдено 184 постов за последние 2 недели для SNGSP
[2025-11-09 20:20:26] [INFO] Парсинг тикера TATNP ...
[2025-11-09 20:20:32] [INFO] Найдено 297 постов за последние 2 недели для TATNP
[2025-11-09 20:20:34] [INFO] Парсинг тикера TTLK ...
[2025-11-09 20:20:34] [INFO] Найдено 5 постов за последние 2 недели для TTLK
[2025-11-09 20:25:12] [INFO] Запуск скрипта парсинга Т-пульса
[2025-11-09 20:25:12] [INFO] Парсинг тикера SELG ...
[2025-11-09 20:25:14] [INFO] Найдено 78 постов за последние 2 недели для SELG
[2025-11-09 20:25:16] [INFO] Парсинг тикера LEAS ...
[2025-11-09 20:25:22] [INFO] Найдено 279 постов за последние 2 недели для LEAS
[2025-11-09 20:25:24] [INFO] Парсинг тикера CBOM ...
[2025-11-09 20:25:26] [INFO] Найдено 59 постов за последние 2 недели для CBOM
[2025-11-09 20:25:28] [INFO] Парсинг тикера VSMO ...
[2025-11-09 20:25:28] [INFO] Найдено 12 постов за последние 2 недели для VSMO
[2025-11-09 20:25:30] [INFO] Парсинг тикера IRKT ...
[2025-11-09 20:25:32] [INFO] Найдено 103 постов за последние 2 недели для IRKT
[2025-11-09 20:25:34] [INFO] Парсинг тикера VSEH ...
[2025-11-09 20:25:35] [INFO] Найдено 43 постов за последние 2 недели для VSEH
[2025-11-09 20:25:37] [INFO] Парсинг тикера AKRN ...
[2025-11-09 20:25:40] [INFO] Найдено 139 постов за последние 2 недели для AKRN
[2025-11-09 20:25:42] [INFO] Парсинг тикера LSRG ...
[2025-11-09 20:25:43] [INFO] Найдено 71 постов за последние 2 недели для LSRG
[2025-11-09 20:25:45] [INFO] Парсинг тикера RTKMP ...
[2025-11-09 20:25:47] [INFO] Найдено 67 постов за последние 2 недели для RTKMP
[2025-11-09 20:25:49] [INFO] Парсинг тикера SBERP ...
[2025-11-09 20:25:56] [INFO] Найдено 319 постов за последние 2 недели для SBERP
[2025-11-09 20:25:58] [INFO] Парсинг тикера SNGSP ...
[2025-11-09 20:26:02] [INFO] Найдено 184 постов за последние 2 недели для SNGSP
[2025-11-09 20:26:04] [INFO] Парсинг тикера TATNP ...
[2025-11-09 20:26:12] [INFO] Найдено 298 постов за последние 2 недели для TATNP
[2025-11-09 20:26:14] [INFO] Парсинг тикера TTLK ...
[2025-11-09 20:26:14] [INFO] Найдено 5 постов за последние 2 недели для TTLK
[2025-11-09 20:38:18] [INFO] Запуск скрипта парсинга Т-пульса
[2025-11-09 20:38:18] [INFO] Парсинг тикера SELG ...
[2025-11-09 20:38:19] [INFO] Найдено 78 постов за последние 2 недели для SELG
[2025-11-09 20:38:21] [INFO] Парсинг тикера LEAS ...
[2025-11-09 20:38:27] [INFO] Найдено 279 постов за последние 2 недели для LEAS
[2025-11-09 20:38:29] [INFO] Парсинг тикера CBOM ...
[2025-11-09 20:38:31] [INFO] Найдено 59 постов за последние 2 недели для CBOM
[2025-11-09 20:38:33] [INFO] Парсинг тикера VSMO ...
[2025-11-09 20:38:33] [INFO] Найдено 12 постов за последние 2 недели для VSMO
[2025-11-09 20:38:35] [INFO] Парсинг тикера IRKT ...
[2025-11-09 20:38:37] [INFO] Найдено 103 постов за последние 2 недели для IRKT
[2025-11-09 20:38:39] [INFO] Парсинг тикера VSEH ...
[2025-11-09 20:38:40] [INFO] Найдено 43 постов за последние 2 недели для VSEH
[2025-11-09 20:38:42] [INFO] Парсинг тикера AKRN ...
[2025-11-09 20:38:45] [INFO] Найдено 139 постов за последние 2 недели для AKRN
[2025-11-09 20:38:47] [INFO] Парсинг тикера LSRG ...
[2025-11-09 20:38:48] [INFO] Найдено 71 постов за последние 2 недели для LSRG
[2025-11-09 20:38:50] [INFO] Парсинг тикера RTKMP ...
[2025-11-09 20:38:52] [INFO] Найдено 68 постов за последние 2 недели для RTKMP
[2025-11-09 20:38:54] [INFO] Парсинг тикера SBERP ...
[2025-11-09 20:39:01] [INFO] Найдено 319 постов за последние 2 недели для SBERP
[2025-11-09 20:39:03] [INFO] Парсинг тикера SNGSP ...
[2025-11-09 20:39:07] [INFO] Найдено 184 постов за последние 2 недели для SNGSP
[2025-11-09 20:39:09] [INFO] Парсинг тикера TATNP ...
[2025-11-09 20:39:16] [INFO] Найдено 298 постов за последние 2 недели для TATNP
[2025-11-09 20:39:18] [INFO] Парсинг тикера TTLK ...
[2025-11-09 20:39:18] [INFO] Найдено 5 постов за последние 2 недели для TTLK
[2025-11-09 20:39:29] [INFO] Данные по SELG обновлены: 78 постов
[2025-11-09 20:39:54] [INFO] Данные по LEAS обновлены: 279 постов
[2025-11-09 20:39:59] [INFO] Данные по CBOM обновлены: 59 постов
[2025-11-09 20:40:00] [INFO] Данные по VSMO обновлены: 12 постов
[2025-11-09 20:40:10] [INFO] Данные по IRKT обновлены: 103 постов
[2025-11-09 20:40:14] [INFO] Данные по VSEH обновлены: 43 постов
[2025-11-09 20:40:28] [INFO] Данные по AKRN обновлены: 139 постов
[2025-11-09 20:40:35] [INFO] Данные по LSRG обновлены: 71 постов
[2025-11-09 20:40:42] [INFO] Данные по RTKMP обновлены: 68 постов
[2025-11-09 20:41:14] [INFO] Данные по SBERP обновлены: 319 постов
[2025-11-09 20:41:30] [INFO] Данные по SNGSP обновлены: 184 постов
[2025-11-09 20:41:54] [INFO] Данные по TATNP обновлены: 298 постов
[2025-11-09 20:41:55] [INFO] Данные по TTLK обновлены: 5 постов
[2025-11-09 20:41:55] [INFO] Скрипт завершил выполнение.
[2025-11-09 20:42:54] [INFO] Запуск скрипта парсинга Т-пульса
[2025-11-09 20:42:54] [INFO] Парсинг тикера IVAT ...
[2025-11-09 20:43:04] [INFO] Найдено 340 постов за последние 2 недели для IVAT
[2025-11-09 20:43:37] [INFO] Данные по IVAT обновлены: 340 постов
[2025-11-09 20:43:37] [INFO] Скрипт завершил выполнение.
[2025-11-09 20:46:37] [INFO] Запуск скрипта парсинга Т-пульса
[2025-11-09 20:46:37] [INFO] Парсинг тикера SBER ...
[2025-11-09 20:47:12] [INFO] Найдено 1578 постов за последние 2 недели для SBER
[2025-11-09 20:47:14] [INFO] Парсинг тикера GAZP ...
[2025-11-09 20:47:56] [INFO] Найдено 1929 постов за последние 2 недели для GAZP
[2025-11-09 20:47:58] [INFO] Парсинг тикера T ...
[2025-11-09 20:48:20] [INFO] Найдено 894 постов за последние 2 недели для T
[2025-11-09 20:48:22] [INFO] Парсинг тикера X5 ...
[2025-11-09 20:48:34] [INFO] Найдено 526 постов за последние 2 недели для X5
[2025-11-09 20:48:36] [INFO] Парсинг тикера PIKK ...
[2025-11-09 20:48:48] [INFO] Найдено 556 постов за последние 2 недели для PIKK
[2025-11-09 20:48:50] [INFO] Парсинг тикера PLZL ...
[2025-11-09 20:49:03] [INFO] Найдено 592 постов за последние 2 недели для PLZL
[2025-11-09 20:49:05] [INFO] Парсинг тикера LKOH ...
[2025-11-09 20:50:19] [INFO] Найдено 3388 постов за последние 2 недели для LKOH
[2025-11-09 20:50:21] [INFO] Парсинг тикера GMKN ...
[2025-11-09 20:50:29] [INFO] Найдено 348 постов за последние 2 недели для GMKN
[2025-11-09 20:50:31] [INFO] Парсинг тикера VTBR ...
[2025-11-09 20:50:51] [INFO] Найдено 897 постов за последние 2 недели для VTBR
[2025-11-09 20:50:53] [INFO] Парсинг тикера NVTK ...
[2025-11-09 20:51:03] [INFO] Найдено 429 постов за последние 2 недели для NVTK
[2025-11-09 20:51:05] [INFO] Парсинг тикера YDEX ...
[2025-11-09 20:51:25] [INFO] Найдено 825 постов за последние 2 недели для YDEX
[2025-11-09 20:51:27] [INFO] Парсинг тикера TATN ...
[2025-11-09 20:51:39] [INFO] Найдено 526 постов за последние 2 недели для TATN
[2025-11-09 20:51:41] [INFO] Парсинг тикера SMLT ...
[2025-11-09 20:51:56] [INFO] Найдено 665 постов за последние 2 недели для SMLT
[2025-11-09 20:51:58] [INFO] Парсинг тикера SPBE ...
[2025-11-09 20:52:09] [INFO] Найдено 479 постов за последние 2 недели для SPBE
[2025-11-09 20:52:11] [INFO] Парсинг тикера ROSN ...
[2025-11-09 20:52:34] [INFO] Найдено 924 постов за последние 2 недели для ROSN
[2025-11-09 20:52:36] [INFO] Парсинг тикера AFLT ...
[2025-11-09 20:52:46] [INFO] Найдено 384 постов за последние 2 недели для AFLT
[2025-11-09 20:52:48] [INFO] Парсинг тикера IRAO ...
[2025-11-09 20:52:57] [INFO] Найдено 297 постов за последние 2 недели для IRAO
[2025-11-09 20:52:59] [INFO] Парсинг тикера VKCO ...
[2025-11-09 20:53:05] [INFO] Найдено 252 постов за последние 2 недели для VKCO
[2025-11-09 20:53:07] [INFO] Парсинг тикера CHMF ...
[2025-11-09 20:53:14] [INFO] Найдено 290 постов за последние 2 недели для CHMF
[2025-11-09 20:53:16] [INFO] Парсинг тикера NLMK ...
[2025-11-09 20:53:20] [INFO] Найдено 190 постов за последние 2 недели для NLMK
[2025-11-09 20:53:22] [INFO] Парсинг тикера MAGN ...
[2025-11-09 20:53:26] [INFO] Найдено 185 постов за последние 2 недели для MAGN
[2025-11-09 20:53:28] [INFO] Парсинг тикера MGNT ...
[2025-11-09 20:53:33] [INFO] Найдено 236 постов за последние 2 недели для MGNT
[2025-11-09 20:53:35] [INFO] Парсинг тикера MTLR ...
[2025-11-09 20:53:43] [INFO] Найдено 337 постов за последние 2 недели для MTLR
[2025-11-09 20:53:45] [INFO] Парсинг тикера AFKS ...
[2025-11-09 20:53:49] [INFO] Найдено 212 постов за последние 2 недели для AFKS
[2025-11-09 20:53:51] [INFO] Парсинг тикера MOEX ...
[2025-11-09 20:54:04] [INFO] Найдено 534 постов за последние 2 недели для MOEX
[2025-11-09 20:54:06] [INFO] Парсинг тикера POSI ...
[2025-11-09 20:54:11] [INFO] Найдено 207 постов за последние 2 недели для POSI
[2025-11-09 20:54:13] [INFO] Парсинг тикера ALRS ...
[2025-11-09 20:54:18] [INFO] Найдено 210 постов за последние 2 недели для ALRS
[2025-11-09 20:54:20] [INFO] Парсинг тикера BELU ...
[2025-11-09 20:54:25] [INFO] Найдено 212 постов за последние 2 недели для BELU
[2025-11-09 20:54:27] [INFO] Парсинг тикера MTSS ...
[2025-11-09 20:54:33] [INFO] Найдено 245 постов за последние 2 недели для MTSS
[2025-11-09 20:54:35] [INFO] Парсинг тикера SVCB ...
[2025-11-09 20:54:40] [INFO] Найдено 256 постов за последние 2 недели для SVCB
[2025-11-09 20:54:42] [INFO] Парсинг тикера SNGS ...
[2025-11-09 20:54:45] [INFO] Найдено 137 постов за последние 2 недели для SNGS
[2025-11-09 20:54:47] [INFO] Парсинг тикера HEAD ...
[2025-11-09 20:54:51] [INFO] Найдено 198 постов за последние 2 недели для HEAD
[2025-11-09 20:54:53] [INFO] Парсинг тикера CNRU ...
[2025-11-09 20:55:03] [INFO] Найдено 417 постов за последние 2 недели для CNRU
[2025-11-09 20:55:05] [INFO] Парсинг тикера PHOR ...
[2025-11-09 20:55:09] [INFO] Найдено 195 постов за последние 2 недели для PHOR
[2025-11-09 20:55:11] [INFO] Парсинг тикера RTKM ...
[2025-11-09 20:55:15] [INFO] Найдено 192 постов за последние 2 недели для RTKM
[2025-11-09 20:55:17] [INFO] Парсинг тикера SIBN ...
[2025-11-09 20:55:22] [INFO] Найдено 230 постов за последние 2 недели для SIBN
[2025-11-09 20:55:24] [INFO] Парсинг тикера UGLD ...
[2025-11-09 20:55:37] [INFO] Найдено 592 постов за последние 2 недели для UGLD
[2025-11-09 20:55:39] [INFO] Парсинг тикера RUAL ...
[2025-11-09 20:55:45] [INFO] Найдено 269 постов за последние 2 недели для RUAL
[2025-11-09 20:55:47] [INFO] Парсинг тикера HYDR ...
[2025-11-09 20:55:49] [INFO] Найдено 103 постов за последние 2 недели для HYDR
[2025-11-09 20:55:51] [INFO] Парсинг тикера BSPB ...
[2025-11-09 20:55:53] [INFO] Найдено 106 постов за последние 2 недели для BSPB
[2025-11-09 20:55:55] [INFO] Парсинг тикера FEES ...
[2025-11-09 20:55:57] [INFO] Найдено 90 постов за последние 2 недели для FEES
[2025-11-09 20:55:59] [INFO] Парсинг тикера EUTR ...
[2025-11-09 20:56:08] [INFO] Найдено 411 постов за последние 2 недели для EUTR
[2025-11-09 20:56:10] [INFO] Парсинг тикера RNFT ...
[2025-11-09 20:56:13] [INFO] Найдено 143 постов за последние 2 недели для RNFT
[2025-11-09 20:56:15] [INFO] Парсинг тикера MRKC ...
[2025-11-09 20:56:17] [INFO] Найдено 60 постов за последние 2 недели для MRKC
[2025-11-09 20:56:19] [INFO] Парсинг тикера MDMG ...
[2025-11-09 20:56:23] [INFO] Найдено 231 постов за последние 2 недели для MDMG
[2025-11-09 20:56:25] [INFO] Парсинг тикера FLOT ...
[2025-11-09 20:56:28] [INFO] Найдено 87 постов за последние 2 недели для FLOT
[2025-11-09 20:56:30] [INFO] Парсинг тикера UPRO ...
[2025-11-09 20:56:32] [INFO] Найдено 88 постов за последние 2 недели для UPRO
[2025-11-09 20:56:34] [INFO] Парсинг тикера ASTR ...
[2025-11-09 20:56:40] [INFO] Найдено 268 постов за последние 2 недели для ASTR
[2025-11-09 20:56:42] [INFO] Парсинг тикера IVAT ...
[2025-11-09 20:56:49] [INFO] Найдено 340 постов за последние 2 недели для IVAT
[2025-11-09 20:56:51] [INFO] Парсинг тикера LENT ...
[2025-11-09 20:56:54] [INFO] Найдено 144 постов за последние 2 недели для LENT
[2025-11-09 20:56:56] [INFO] Парсинг тикера WUSH ...
[2025-11-09 20:57:27] [INFO] Найдено 1342 постов за последние 2 недели для WUSH
[2025-11-09 20:57:29] [INFO] Парсинг тикера UWGN ...
[2025-11-09 20:57:33] [INFO] Найдено 190 постов за последние 2 недели для UWGN
[2025-11-09 20:57:35] [INFO] Парсинг тикера ENPG ...
[2025-11-09 20:57:37] [INFO] Найдено 59 постов за последние 2 недели для ENPG
[2025-11-09 20:57:39] [INFO] Парсинг тикера TRMK ...
[2025-11-09 20:57:40] [INFO] Найдено 65 постов за последние 2 недели для TRMK
[2025-11-09 20:57:42] [INFO] Парсинг тикера MVID ...
[2025-11-09 20:57:44] [INFO] Найдено 117 постов за последние 2 недели для MVID
[2025-11-09 20:57:46] [INFO] Парсинг тикера RASP ...
[2025-11-09 20:57:48] [INFO] Найдено 60 постов за последние 2 недели для RASP
[2025-11-09 20:57:50] [INFO] Парсинг тикера RAGR ...
[2025-11-09 20:57:53] [INFO] Найдено 163 постов за последние 2 недели для RAGR
[2025-11-09 20:57:55] [INFO] Парсинг тикера MRKP ...
[2025-11-09 20:57:56] [INFO] Найдено 34 постов за последние 2 недели для MRKP
[2025-11-09 20:57:58] [INFO] Парсинг тикера SVAV ...
[2025-11-09 20:58:00] [INFO] Найдено 76 постов за последние 2 недели для SVAV
[2025-11-09 20:58:02] [INFO] Парсинг тикера AQUA ...
[2025-11-09 20:58:04] [INFO] Найдено 107 постов за последние 2 недели для AQUA
[2025-11-09 20:58:06] [INFO] Парсинг тикера RENI ...
[2025-11-09 20:58:09] [INFO] Найдено 154 постов за последние 2 недели для RENI
[2025-11-09 20:58:11] [INFO] Парсинг тикера SOFL ...
[2025-11-09 20:58:19] [INFO] Найдено 275 постов за последние 2 недели для SOFL
[2025-11-09 20:58:21] [INFO] Парсинг тикера SGZH ...
[2025-11-09 20:58:23] [INFO] Найдено 98 постов за последние 2 недели для SGZH
[2025-11-09 20:58:25] [INFO] Парсинг тикера SFIN ...
[2025-11-09 20:58:34] [INFO] Найдено 362 постов за последние 2 недели для SFIN
[2025-11-09 20:58:36] [INFO] Парсинг тикера OZPH ...
[2025-11-09 20:58:37] [INFO] Найдено 73 постов за последние 2 недели для OZPH
[2025-11-09 20:58:39] [INFO] Парсинг тикера NMTP ...
[2025-11-09 20:58:40] [INFO] Найдено 54 постов за последние 2 недели для NMTP
[2025-11-09 20:58:42] [INFO] Парсинг тикера FIXR ...
[2025-11-09 20:58:46] [INFO] Найдено 131 постов за последние 2 недели для FIXR
[2025-11-09 20:58:48] [INFO] Парсинг тикера OGKB ...
[2025-11-09 20:58:54] [INFO] Найдено 271 постов за последние 2 недели для OGKB
[2025-11-09 20:58:56] [INFO] Парсинг тикера SELG ...
[2025-11-09 20:58:58] [INFO] Найдено 78 постов за последние 2 недели для SELG
[2025-11-09 20:59:00] [INFO] Парсинг тикера LEAS ...
[2025-11-09 20:59:07] [INFO] Найдено 279 постов за последние 2 недели для LEAS
[2025-11-09 20:59:09] [INFO] Парсинг тикера CBOM ...
[2025-11-09 20:59:10] [INFO] Найдено 59 постов за последние 2 недели для CBOM
[2025-11-09 20:59:12] [INFO] Парсинг тикера VSMO ...
[2025-11-09 20:59:12] [INFO] Найдено 12 постов за последние 2 недели для VSMO
[2025-11-09 20:59:14] [INFO] Парсинг тикера IRKT ...
[2025-11-09 20:59:16] [INFO] Найдено 103 постов за последние 2 недели для IRKT
[2025-11-09 20:59:18] [INFO] Парсинг тикера VSEH ...
[2025-11-09 20:59:19] [INFO] Найдено 43 постов за последние 2 недели для VSEH
[2025-11-09 20:59:21] [INFO] Парсинг тикера AKRN ...
[2025-11-09 20:59:24] [INFO] Найдено 139 постов за последние 2 недели для AKRN
[2025-11-09 20:59:26] [INFO] Парсинг тикера LSRG ...
[2025-11-09 20:59:27] [INFO] Найдено 71 постов за последние 2 недели для LSRG
[2025-11-09 20:59:29] [INFO] Парсинг тикера RTKMP ...
[2025-11-09 20:59:31] [INFO] Найдено 68 постов за последние 2 недели для RTKMP
[2025-11-09 20:59:33] [INFO] Парсинг тикера SBERP ...
[2025-11-09 20:59:40] [INFO] Найдено 320 постов за последние 2 недели для SBERP
[2025-11-09 20:59:42] [INFO] Парсинг тикера SNGSP ...
[2025-11-09 20:59:46] [INFO] Найдено 185 постов за последние 2 недели для SNGSP
[2025-11-09 20:59:48] [INFO] Парсинг тикера TATNP ...
[2025-11-09 20:59:54] [INFO] Найдено 297 постов за последние 2 недели для TATNP
[2025-11-09 20:59:56] [INFO] Парсинг тикера TTLK ...
[2025-11-09 20:59:56] [INFO] Найдено 5 постов за последние 2 недели для TTLK
[2025-11-09 21:02:20] [INFO] Данные по SBER обновлены: 1578 постов
[2025-11-09 21:05:17] [INFO] Данные по GAZP обновлены: 1929 постов
[2025-11-09 21:06:44] [INFO] Данные по T обновлены: 894 постов
[2025-11-09 21:07:39] [INFO] Данные по X5 обновлены: 526 постов
[2025-11-09 21:08:33] [INFO] Данные по PIKK обновлены: 556 постов
[2025-11-09 21:09:30] [INFO] Данные по PLZL обновлены: 592 постов
[2025-11-09 21:14:42] [INFO] Данные по LKOH обновлены: 3388 постов
[2025-11-09 21:15:17] [INFO] Данные по GMKN обновлены: 348 постов
[2025-11-09 21:16:38] [INFO] Данные по VTBR обновлены: 897 постов
[2025-11-09 21:17:19] [INFO] Данные по NVTK обновлены: 429 постов
[2025-11-09 21:18:29] [INFO] Данные по YDEX обновлены: 825 постов
[2025-11-09 21:19:12] [INFO] Данные по TATN обновлены: 526 постов
[2025-11-09 21:20:12] [INFO] Данные по SMLT обновлены: 665 постов
[2025-11-09 21:20:56] [INFO] Данные по SPBE обновлены: 479 постов
[2025-11-09 21:22:08] [INFO] Данные по ROSN обновлены: 924 постов
[2025-11-09 21:22:40] [INFO] Данные по AFLT обновлены: 384 постов
[2025-11-09 21:23:07] [INFO] Данные по IRAO обновлены: 297 постов
[2025-11-09 21:23:30] [INFO] Данные по VKCO обновлены: 252 постов
[2025-11-09 21:23:57] [INFO] Данные по CHMF обновлены: 290 постов
[2025-11-09 21:24:15] [INFO] Данные по NLMK обновлены: 190 постов
[2025-11-09 21:24:31] [INFO] Данные по MAGN обновлены: 185 постов
[2025-11-09 21:24:46] [INFO] Данные по MGNT обновлены: 236 постов
[2025-11-09 21:25:15] [INFO] Данные по MTLR обновлены: 337 постов
[2025-11-09 21:25:32] [INFO] Данные по AFKS обновлены: 212 постов
[2025-11-09 21:26:13] [INFO] Данные по MOEX обновлены: 534 постов
[2025-11-09 21:26:32] [INFO] Данные по POSI обновлены: 207 постов
[2025-11-09 21:26:48] [INFO] Данные по ALRS обновлены: 210 постов
[2025-11-09 21:27:07] [INFO] Данные по BELU обновлены: 212 постов
[2025-11-09 21:27:31] [INFO] Данные по MTSS обновлены: 245 постов
[2025-11-09 21:27:52] [INFO] Данные по SVCB обновлены: 256 постов
[2025-11-09 21:28:05] [INFO] Данные по SNGS обновлены: 137 постов
[2025-11-09 21:28:22] [INFO] Данные по HEAD обновлены: 198 постов
[2025-11-09 21:28:57] [INFO] Данные по CNRU обновлены: 417 постов
[2025-11-09 21:29:17] [INFO] Данные по PHOR обновлены: 195 постов
[2025-11-09 21:29:35] [INFO] Данные по RTKM обновлены: 192 постов
[2025-11-09 21:29:54] [INFO] Данные по SIBN обновлены: 230 постов
[2025-11-09 21:30:44] [INFO] Данные по UGLD обновлены: 592 постов
[2025-11-09 21:31:08] [INFO] Данные по RUAL обновлены: 269 постов
[2025-11-09 21:31:17] [INFO] Данные по HYDR обновлены: 103 постов
[2025-11-09 21:31:27] [INFO] Данные по BSPB обновлены: 106 постов
[2025-11-09 21:31:35] [INFO] Данные по FEES обновлены: 90 постов
[2025-11-09 21:32:04] [INFO] Данные по EUTR обновлены: 411 постов
[2025-11-09 21:32:15] [INFO] Данные по RNFT обновлены: 143 постов
[2025-11-09 21:32:20] [INFO] Данные по MRKC обновлены: 60 постов
[2025-11-09 21:32:38] [INFO] Данные по MDMG обновлены: 231 постов
[2025-11-09 21:32:45] [INFO] Данные по FLOT обновлены: 87 постов
[2025-11-09 21:32:51] [INFO] Данные по UPRO обновлены: 88 постов
[2025-11-09 21:33:10] [INFO] Данные по ASTR обновлены: 268 постов
[2025-11-09 21:33:37] [INFO] Данные по IVAT обновлены: 340 постов
[2025-11-09 21:33:49] [INFO] Данные по LENT обновлены: 144 постов
[2025-11-09 21:35:30] [INFO] Данные по WUSH обновлены: 1342 постов
[2025-11-09 21:35:46] [INFO] Данные по UWGN обновлены: 190 постов
[2025-11-09 21:35:51] [INFO] Данные по ENPG обновлены: 59 постов
[2025-11-09 21:35:57] [INFO] Данные по TRMK обновлены: 65 постов
[2025-11-09 21:36:06] [INFO] Данные по MVID обновлены: 117 постов
[2025-11-09 21:36:10] [INFO] Данные по RASP обновлены: 60 постов
[2025-11-09 21:36:21] [INFO] Данные по RAGR обновлены: 163 постов
[2025-11-09 21:36:24] [INFO] Данные по MRKP обновлены: 34 постов
[2025-11-09 21:36:29] [INFO] Данные по SVAV обновлены: 76 постов
[2025-11-09 21:36:36] [INFO] Данные по AQUA обновлены: 107 постов
[2025-11-09 21:36:46] [INFO] Данные по RENI обновлены: 154 постов
[2025-11-09 21:37:01] [INFO] Данные по SOFL обновлены: 275 постов
[2025-11-09 21:37:10] [INFO] Данные по SGZH обновлены: 98 постов
[2025-11-09 21:37:34] [INFO] Данные по SFIN обновлены: 362 постов
[2025-11-09 21:37:40] [INFO] Данные по OZPH обновлены: 73 постов
[2025-11-09 21:37:44] [INFO] Данные по NMTP обновлены: 54 постов
[2025-11-09 21:37:54] [INFO] Данные по FIXR обновлены: 131 постов
[2025-11-09 21:38:12] [INFO] Данные по OGKB обновлены: 271 постов
[2025-11-09 21:38:19] [INFO] Данные по SELG обновлены: 78 постов
[2025-11-09 21:38:37] [INFO] Данные по LEAS обновлены: 279 постов
[2025-11-09 21:38:41] [INFO] Данные по CBOM обновлены: 59 постов
[2025-11-09 21:38:42] [INFO] Данные по VSMO обновлены: 12 постов
[2025-11-09 21:38:48] [INFO] Данные по IRKT обновлены: 103 постов
[2025-11-09 21:38:52] [INFO] Данные по VSEH обновлены: 43 постов
[2025-11-09 21:39:03] [INFO] Данные по AKRN обновлены: 139 постов
[2025-11-09 21:39:09] [INFO] Данные по LSRG обновлены: 71 постов
[2025-11-09 21:39:14] [INFO] Данные по RTKMP обновлены: 68 постов
[2025-11-09 21:39:37] [INFO] Данные по SBERP обновлены: 320 постов
[2025-11-09 21:39:50] [INFO] Данные по SNGSP обновлены: 185 постов
[2025-11-09 21:40:17] [INFO] Данные по TATNP обновлены: 297 постов
[2025-11-09 21:40:18] [INFO] Данные по TTLK обновлены: 5 постов
[2025-11-09 21:40:18] [INFO] Скрипт завершил выполнение.
